<?xml version="1.0" encoding="UTF-8"?>
<testsuites name="bun test" tests="25" assertions="72" failures="0" skipped="0" time="8.221655">
  <testsuite name="_tests/e2e/comprehensive.test.ts" file="_tests/e2e/comprehensive.test.ts" tests="17" assertions="39" failures="0" skipped="0" time="0" hostname="MacBook-Pro.local">
    <testsuite name="E2E: Comprehensive Todo Application Lifecycle" file="_tests/e2e/comprehensive.test.ts" line="7" tests="17" assertions="39" failures="0" skipped="0" time="0" hostname="MacBook-Pro.local">
      <testsuite name="Authentication Layer" file="_tests/e2e/comprehensive.test.ts" line="155" tests="5" assertions="11" failures="0" skipped="0" time="1.052" hostname="MacBook-Pro.local">
        <testcase name="Should Register a new user" classname="Authentication Layer &amp;gt; E2E: Comprehensive Todo Application Lifecycle" time="0.090101" file="_tests/e2e/comprehensive.test.ts" line="156" assertions="3" />
        <testcase name="Should Login successfully and return JWT" classname="Authentication Layer &amp;gt; E2E: Comprehensive Todo Application Lifecycle" time="0.100888" file="_tests/e2e/comprehensive.test.ts" line="171" assertions="2" />
        <testcase name="Should trigger Forgot Password flow and catch email in Mailpit" classname="Authentication Layer &amp;gt; E2E: Comprehensive Todo Application Lifecycle" time="0.595156" file="_tests/e2e/comprehensive.test.ts" line="185" assertions="3" />
        <testcase name="Should Reset Password securely" classname="Authentication Layer &amp;gt; E2E: Comprehensive Todo Application Lifecycle" time="0.104536" file="_tests/e2e/comprehensive.test.ts" line="210" assertions="1" />
        <testcase name="Should Verify Login with new password (and reject old)" classname="Authentication Layer &amp;gt; E2E: Comprehensive Todo Application Lifecycle" time="0.163511" file="_tests/e2e/comprehensive.test.ts" line="221" assertions="2" />
      </testsuite>
      <testsuite name="CRUD &amp; Relationship Layer" file="_tests/e2e/comprehensive.test.ts" line="249" tests="3" assertions="10" failures="0" skipped="0" time="0.019" hostname="MacBook-Pro.local">
        <testcase name="Should Create a Task tied to the User" classname="CRUD &amp;amp; Relationship Layer &amp;gt; E2E: Comprehensive Todo Application Lifecycle" time="0.00854" file="_tests/e2e/comprehensive.test.ts" line="250" assertions="4" />
        <testcase name="Should Read the Task via the collection (filtering by relationship)" classname="CRUD &amp;amp; Relationship Layer &amp;gt; E2E: Comprehensive Todo Application Lifecycle" time="0.001516" file="_tests/e2e/comprehensive.test.ts" line="269" assertions="4" />
        <testcase name="Should Update (Patch) the Task to completed" classname="CRUD &amp;amp; Relationship Layer &amp;gt; E2E: Comprehensive Todo Application Lifecycle" time="0.010675" file="_tests/e2e/comprehensive.test.ts" line="283" assertions="2" />
      </testsuite>
      <testsuite name="Realtime / Durable Streams Layer" file="_tests/e2e/comprehensive.test.ts" line="303" tests="3" assertions="4" failures="0" skipped="0" time="0.006" hostname="MacBook-Pro.local">
        <testcase name="Should reject SSE stream access without token (Security)" classname="Realtime / Durable Streams Layer &amp;gt; E2E: Comprehensive Todo Application Lifecycle" time="0.001503" file="_tests/e2e/comprehensive.test.ts" line="304" assertions="1" />
        <testcase name="Should accept SSE stream access with valid token" classname="Realtime / Durable Streams Layer &amp;gt; E2E: Comprehensive Todo Application Lifecycle" time="0.00035" file="_tests/e2e/comprehensive.test.ts" line="315" assertions="1" />
        <testcase name="Should Delete the Task securely" classname="Realtime / Durable Streams Layer &amp;gt; E2E: Comprehensive Todo Application Lifecycle" time="0.005992" file="_tests/e2e/comprehensive.test.ts" line="326" assertions="2" />
      </testsuite>
      <testsuite name="Custom Endpoints Layer" file="_tests/e2e/comprehensive.test.ts" line="349" tests="1" assertions="3" failures="0" skipped="0" time="0" hostname="MacBook-Pro.local">
        <testcase name="Should hit custom endpoint successfully" classname="Custom Endpoints Layer &amp;gt; E2E: Comprehensive Todo Application Lifecycle" time="0.000183" file="_tests/e2e/comprehensive.test.ts" line="350" assertions="3" />
      </testsuite>
      <testsuite name="Lifecycle Hooks Layer" file="_tests/e2e/comprehensive.test.ts" line="367" tests="1" assertions="3" failures="0" skipped="0" time="0.005" hostname="MacBook-Pro.local">
        <testcase name="Should mutate data via beforeCreate hook" classname="Lifecycle Hooks Layer &amp;gt; E2E: Comprehensive Todo Application Lifecycle" time="0.005819" file="_tests/e2e/comprehensive.test.ts" line="368" assertions="3" />
      </testsuite>
      <testsuite name="Access Control Layer" file="_tests/e2e/comprehensive.test.ts" line="395" tests="2" assertions="4" failures="0" skipped="0" time="0.099" hostname="MacBook-Pro.local">
        <testcase name="Should allow update for regular user" classname="Access Control Layer &amp;gt; E2E: Comprehensive Todo Application Lifecycle" time="0.004911" file="_tests/e2e/comprehensive.test.ts" line="396" assertions="2" />
        <testcase name="Should register hacker user and deny update" classname="Access Control Layer &amp;gt; E2E: Comprehensive Todo Application Lifecycle" time="0.095941" file="_tests/e2e/comprehensive.test.ts" line="412" assertions="2" />
      </testsuite>
      <testsuite name="Background Workers Layer" file="_tests/e2e/comprehensive.test.ts" line="445" tests="1" assertions="3" failures="0" skipped="0" time="0.507" hostname="MacBook-Pro.local">
        <testcase name="Should enqueue and process a job successfully" classname="Background Workers Layer &amp;gt; E2E: Comprehensive Todo Application Lifecycle" time="0.507291" file="_tests/e2e/comprehensive.test.ts" line="446" assertions="3" />
      </testsuite>
      <testsuite name="Cron Scheduler Layer" file="_tests/e2e/comprehensive.test.ts" line="462" tests="1" assertions="1" failures="0" skipped="0" time="0.504" hostname="MacBook-Pro.local">
        <testcase name="Should trigger cron programmatically via BullMQ" classname="Cron Scheduler Layer &amp;gt; E2E: Comprehensive Todo Application Lifecycle" time="0.504215" file="_tests/e2e/comprehensive.test.ts" line="463" assertions="1" />
      </testsuite>
    </testsuite>
  </testsuite>
  <testsuite name="_tests/e2e/email.test.ts" file="_tests/e2e/email.test.ts" tests="2" assertions="11" failures="0" skipped="0" time="0" hostname="MacBook-Pro.local">
    <testsuite name="E2E: Email Flow (Forgot / Reset Password)" file="_tests/e2e/email.test.ts" line="59" tests="2" assertions="11" failures="0" skipped="0" time="0.372" hostname="MacBook-Pro.local">
      <testcase name="Should trigger email dispatch on /forgot-password" classname="E2E: Email Flow (Forgot / Reset Password)" time="0.1227" file="_tests/e2e/email.test.ts" line="123" assertions="6" />
      <testcase name="Should reset password using the token sent in the email" classname="E2E: Email Flow (Forgot / Reset Password)" time="0.250029" file="_tests/e2e/email.test.ts" line="161" assertions="5" />
    </testsuite>
  </testsuite>
  <testsuite name="_tests/e2e/dev.test.ts" file="_tests/e2e/dev.test.ts" tests="2" assertions="3" failures="0" skipped="0" time="0" hostname="MacBook-Pro.local">
    <testsuite name="Dev Watcher E2E" file="_tests/e2e/dev.test.ts" line="10" tests="2" assertions="3" failures="0" skipped="0" time="4.018" hostname="MacBook-Pro.local">
      <testcase name="watches for file changes and rebuilds" classname="Dev Watcher E2E" time="2.008675" file="_tests/e2e/dev.test.ts" line="21" assertions="2" />
      <testcase name="debounces rapid rapid file change events to avoid build race conditions" classname="Dev Watcher E2E" time="2.010489" file="_tests/e2e/dev.test.ts" line="98" assertions="1" />
    </testsuite>
  </testsuite>
  <testsuite name="_tests/e2e/cli.test.ts" file="_tests/e2e/cli.test.ts" tests="4" assertions="19" failures="0" skipped="0" time="0" hostname="MacBook-Pro.local">
    <testsuite name="E2E CLI Tests" file="_tests/e2e/cli.test.ts" line="11" tests="4" assertions="19" failures="0" skipped="0" time="0.904" hostname="MacBook-Pro.local">
      <testcase name="successfully builds a valid radiant project" classname="E2E CLI Tests" time="0.149649" file="_tests/e2e/cli.test.ts" line="22" assertions="10" />
      <testcase name="successfully builds a project with global config and env manipulators" classname="E2E CLI Tests" time="0.07768" file="_tests/e2e/cli.test.ts" line="63" assertions="4" />
      <testcase name="fails and exits with code 1 for syntax errors" classname="E2E CLI Tests" time="0.504779" file="_tests/e2e/cli.test.ts" line="89" assertions="2" />
      <testcase name="fails and exits with code 1 for semantic errors" classname="E2E CLI Tests" time="0.174262" file="_tests/e2e/cli.test.ts" line="104" assertions="3" />
    </testsuite>
  </testsuite>
</testsuites>
